2024-03-28 19:58:17.933  INFO 5200 --- [restartedMain] com.Englilsh.EnglishApplication          : Starting EnglishApplication on Jessie with PID 5200 (D:\MySecret\JAVA\English1\English-master\target\classes started by 25032 in D:\MySecret\JAVA\English1\English-master)
2024-03-28 19:58:17.934  INFO 5200 --- [restartedMain] com.Englilsh.EnglishApplication          : The following profiles are active: dev
2024-03-28 19:58:17.970  INFO 5200 --- [restartedMain] .e.DevToolsPropertyDefaultsPostProcessor : Devtools property defaults active! Set 'spring.devtools.add-properties' to 'false' to disable
2024-03-28 19:58:17.971  INFO 5200 --- [restartedMain] .e.DevToolsPropertyDefaultsPostProcessor : For additional web related logging consider setting the 'logging.level.web' property to 'DEBUG'
2024-03-28 19:58:19.000  WARN 5200 --- [restartedMain] io.undertow.websockets.jsr               : UT026010: Buffer pool was not set on WebSocketDeploymentInfo, the default pool will be used
2024-03-28 19:58:19.016  INFO 5200 --- [restartedMain] io.undertow.servlet                      : Initializing Spring embedded WebApplicationContext
2024-03-28 19:58:19.016  INFO 5200 --- [restartedMain] o.s.web.context.ContextLoader            : Root WebApplicationContext: initialization completed in 1045 ms
2024-03-28 19:58:19.926  INFO 5200 --- [restartedMain] o.s.s.web.DefaultSecurityFilterChain     : Creating filter chain: any request, [org.springframework.security.web.context.request.async.WebAsyncManagerIntegrationFilter@7211de95, org.springframework.security.web.context.SecurityContextPersistenceFilter@37666c38, org.springframework.security.web.header.HeaderWriterFilter@370bde2d, org.springframework.web.filter.CorsFilter@2b7ea2b4, org.springframework.security.web.authentication.logout.LogoutFilter@7e6b1ada, com.Englilsh.configuration.spring.security.RestLoginAuthenticationFilter@514fb34d, org.springframework.security.web.authentication.UsernamePasswordAuthenticationFilter@5ec6b184, org.springframework.security.web.savedrequest.RequestCacheAwareFilter@4e658418, org.springframework.security.web.servletapi.SecurityContextHolderAwareRequestFilter@470c999b, org.springframework.security.web.authentication.rememberme.RememberMeAuthenticationFilter@2570ff5a, org.springframework.security.web.authentication.AnonymousAuthenticationFilter@6497ab6, org.springframework.security.web.session.SessionManagementFilter@7f0d0b9d, org.springframework.security.web.access.ExceptionTranslationFilter@33ec7f29, org.springframework.security.web.access.intercept.FilterSecurityInterceptor@257ce15d]
2024-03-28 19:58:20.356  INFO 5200 --- [restartedMain] o.s.b.d.a.OptionalLiveReloadServer       : LiveReload server is running on port 35729
2024-03-28 19:58:20.408  INFO 5200 --- [restartedMain] org.xnio                                 : XNIO version 3.3.8.Final
2024-03-28 19:58:20.417  INFO 5200 --- [restartedMain] org.xnio.nio                             : XNIO NIO Implementation Version 3.3.8.Final
2024-03-28 19:58:20.500  INFO 5200 --- [restartedMain] o.s.b.w.e.u.UndertowServletWebServer     : Undertow started on port(s) 8000 (http) with context path ''
2024-03-28 19:58:20.503  INFO 5200 --- [restartedMain] com.Englilsh.EnglishApplication          : Started EnglishApplication in 2.908 seconds (JVM running for 3.734)
2024-03-28 19:59:28.300  INFO 5200 --- [XNIO-1 task-1] io.undertow.servlet                      : Initializing Spring DispatcherServlet 'dispatcherServlet'
2024-03-28 19:59:28.300  INFO 5200 --- [XNIO-1 task-1] o.s.web.servlet.DispatcherServlet        : Initializing Servlet 'dispatcherServlet'
2024-03-28 19:59:28.305  INFO 5200 --- [XNIO-1 task-1] o.s.web.servlet.DispatcherServlet        : Completed initialization in 5 ms
2024-03-28 19:59:37.020  INFO 5200 --- [XNIO-1 task-2] com.zaxxer.hikari.HikariDataSource       : HikariPool-1 - Starting...
2024-03-28 19:59:37.383  INFO 5200 --- [XNIO-1 task-2] com.zaxxer.hikari.HikariDataSource       : HikariPool-1 - Start completed.
2024-03-28 19:59:37.389 DEBUG 5200 --- [XNIO-1 task-2] r.c.E.r.UserMapper.getUserByUserName     : ==>  Preparing: select id, user_uuid, user_name, password, real_name, age, sex, birth_day, phone, role, status, image_path, create_time, modify_time, last_active_time, deleted from t_user where deleted=0 and user_name=? limit 1 
2024-03-28 19:59:37.407 DEBUG 5200 --- [XNIO-1 task-2] r.c.E.r.UserMapper.getUserByUserName     : ==> Parameters: admin(String)
2024-03-28 19:59:37.452 DEBUG 5200 --- [XNIO-1 task-2] r.c.E.r.UserMapper.getUserByUserName     : <==      Total: 1
2024-03-28 19:59:37.476 DEBUG 5200 --- [XNIO-1 task-2] r.c.E.r.UserMapper.getUserByUserName     : ==>  Preparing: select id, user_uuid, user_name, password, real_name, age, sex, birth_day, phone, role, status, image_path, create_time, modify_time, last_active_time, deleted from t_user where deleted=0 and user_name=? limit 1 
2024-03-28 19:59:37.477 DEBUG 5200 --- [XNIO-1 task-2] r.c.E.r.UserMapper.getUserByUserName     : ==> Parameters: admin(String)
2024-03-28 19:59:37.509 DEBUG 5200 --- [XNIO-1 task-2] r.c.E.r.UserMapper.getUserByUserName     : <==      Total: 1
2024-03-28 19:59:37.521 DEBUG 5200 --- [XNIO-1 task-2] r.c.E.r.U.insertSelective                : ==>  Preparing: insert into t_user_event_log ( user_id, user_name, real_name, content, create_time ) values ( ?, ?, ?, ?, ? ) 
2024-03-28 19:59:37.523 DEBUG 5200 --- [XNIO-1 task-2] r.c.E.r.U.insertSelective                : ==> Parameters: 2(Integer), admin(String), 管理员(String), admin 登录了学之思开源考试系统(String), 2024-03-28 19:59:37.509(Timestamp)
2024-03-28 19:59:37.587 DEBUG 5200 --- [XNIO-1 task-2] r.c.E.r.U.insertSelective                : <==    Updates: 1
2024-03-28 19:59:37.652 DEBUG 5200 --- [XNIO-1 task-3] r.c.E.r.ExamPaperMapper.selectAllCount   : ==>  Preparing: SELECT count(*) from t_exam_paper where deleted=0 
2024-03-28 19:59:37.653 DEBUG 5200 --- [XNIO-1 task-3] r.c.E.r.ExamPaperMapper.selectAllCount   : ==> Parameters: 
2024-03-28 19:59:37.681 DEBUG 5200 --- [XNIO-1 task-3] r.c.E.r.ExamPaperMapper.selectAllCount   : <==      Total: 1
2024-03-28 19:59:37.681 DEBUG 5200 --- [XNIO-1 task-3] r.c.E.r.QuestionMapper.selectAllCount    : ==>  Preparing: SELECT count(*) from t_question where deleted=0 
2024-03-28 19:59:37.681 DEBUG 5200 --- [XNIO-1 task-3] r.c.E.r.QuestionMapper.selectAllCount    : ==> Parameters: 
2024-03-28 19:59:37.709 DEBUG 5200 --- [XNIO-1 task-3] r.c.E.r.QuestionMapper.selectAllCount    : <==      Total: 1
2024-03-28 19:59:37.709 DEBUG 5200 --- [XNIO-1 task-3] r.c.E.r.E.selectAllCount                 : ==>  Preparing: SELECT count(*) from t_exam_paper_answer 
2024-03-28 19:59:37.709 DEBUG 5200 --- [XNIO-1 task-3] r.c.E.r.E.selectAllCount                 : ==> Parameters: 
2024-03-28 19:59:37.736 DEBUG 5200 --- [XNIO-1 task-3] r.c.E.r.E.selectAllCount                 : <==      Total: 1
2024-03-28 19:59:37.736 DEBUG 5200 --- [XNIO-1 task-3] r.c.E.r.E.selectAllCount                 : ==>  Preparing: SELECT count(*) from t_exam_paper_question_customer_answer 
2024-03-28 19:59:37.737 DEBUG 5200 --- [XNIO-1 task-3] r.c.E.r.E.selectAllCount                 : ==> Parameters: 
2024-03-28 19:59:37.764 DEBUG 5200 --- [XNIO-1 task-3] r.c.E.r.E.selectAllCount                 : <==      Total: 1
2024-03-28 19:59:37.767 DEBUG 5200 --- [XNIO-1 task-3] r.c.E.r.U.selectCountByDate              : ==>  Preparing: SELECT create_time as name,COUNT(create_time) as value from ( SELECT DATE_FORMAT(create_time,'%Y-%m-%d') as create_time from t_user_event_log WHERE create_time between ? and ? ) a GROUP BY create_time 
2024-03-28 19:59:37.768 DEBUG 5200 --- [XNIO-1 task-3] r.c.E.r.U.selectCountByDate              : ==> Parameters: 2024-03-01 00:00:00.0(Timestamp), 2024-03-31 23:59:59.0(Timestamp)
2024-03-28 19:59:37.797 DEBUG 5200 --- [XNIO-1 task-3] r.c.E.r.U.selectCountByDate              : <==      Total: 5
2024-03-28 19:59:37.799 DEBUG 5200 --- [XNIO-1 task-3] r.c.E.r.E.selectCountByDate              : ==>  Preparing: SELECT create_time as name,COUNT(create_time) as value from ( SELECT DATE_FORMAT(create_time,'%Y-%m-%d') as create_time from t_exam_paper_question_customer_answer WHERE create_time between ? and ? ) a GROUP BY create_time 
2024-03-28 19:59:37.800 DEBUG 5200 --- [XNIO-1 task-3] r.c.E.r.E.selectCountByDate              : ==> Parameters: 2024-03-01 00:00:00.0(Timestamp), 2024-03-31 23:59:59.0(Timestamp)
2024-03-28 19:59:37.828 DEBUG 5200 --- [XNIO-1 task-3] r.c.E.r.E.selectCountByDate              : <==      Total: 0
2024-03-28 19:59:50.523 DEBUG 5200 --- [XNIO-1 task-4] r.c.E.r.SubjectMapper.allSubject         : ==>  Preparing: select id, name, level, level_name, item_order, deleted from t_subject 
2024-03-28 19:59:50.524 DEBUG 5200 --- [XNIO-1 task-4] r.c.E.r.SubjectMapper.allSubject         : ==> Parameters: 
2024-03-28 19:59:50.554 DEBUG 5200 --- [XNIO-1 task-4] r.c.E.r.SubjectMapper.allSubject         : <==      Total: 14
2024-03-28 19:59:50.839 DEBUG 5200 --- [XNIO-1 task-5] r.c.E.r.ExamPaperMapper.page_COUNT       : ==>  Preparing: SELECT count(0) FROM t_exam_paper WHERE deleted = 0 
2024-03-28 19:59:50.839 DEBUG 5200 --- [XNIO-1 task-5] r.c.E.r.ExamPaperMapper.page_COUNT       : ==> Parameters: 
2024-03-28 19:59:50.874 DEBUG 5200 --- [XNIO-1 task-5] r.c.E.r.ExamPaperMapper.page_COUNT       : <==      Total: 1
2024-03-28 19:59:50.876 DEBUG 5200 --- [XNIO-1 task-5] r.c.E.repository.ExamPaperMapper.page    : ==>  Preparing: SELECT id, name, subject_id, paper_type, grade_level, score, question_count, suggest_time, limit_start_time, limit_end_time, frame_text_content_id, create_user, create_time, deleted, task_exam_id FROM t_exam_paper WHERE deleted = 0 order by id desc LIMIT ? 
2024-03-28 19:59:50.877 DEBUG 5200 --- [XNIO-1 task-5] r.c.E.repository.ExamPaperMapper.page    : ==> Parameters: 10(Integer)
2024-03-28 19:59:50.914 DEBUG 5200 --- [XNIO-1 task-5] r.c.E.repository.ExamPaperMapper.page    : <==      Total: 1
2024-03-28 19:59:57.405 DEBUG 5200 --- [XNIO-1 task-7] r.c.E.r.QuestionMapper.page_COUNT        : ==>  Preparing: SELECT count(0) FROM t_question WHERE deleted = 0 
2024-03-28 19:59:57.405 DEBUG 5200 --- [XNIO-1 task-7] r.c.E.r.QuestionMapper.page_COUNT        : ==> Parameters: 
2024-03-28 19:59:57.407 DEBUG 5200 --- [XNIO-1 task-6] r.c.E.r.SubjectMapper.allSubject         : ==>  Preparing: select id, name, level, level_name, item_order, deleted from t_subject 
2024-03-28 19:59:57.407 DEBUG 5200 --- [XNIO-1 task-6] r.c.E.r.SubjectMapper.allSubject         : ==> Parameters: 
2024-03-28 19:59:57.430 DEBUG 5200 --- [XNIO-1 task-7] r.c.E.r.QuestionMapper.page_COUNT        : <==      Total: 1
2024-03-28 19:59:57.431 DEBUG 5200 --- [XNIO-1 task-7] r.c.E.repository.QuestionMapper.page     : ==>  Preparing: SELECT id, question_type, subject_id, score, grade_level, correct, info_text_content_id, create_user, status, create_time, deleted FROM t_question WHERE deleted = 0 order by id desc LIMIT ? 
2024-03-28 19:59:57.431 DEBUG 5200 --- [XNIO-1 task-7] r.c.E.repository.QuestionMapper.page     : ==> Parameters: 10(Integer)
2024-03-28 19:59:57.436 DEBUG 5200 --- [XNIO-1 task-6] r.c.E.r.SubjectMapper.allSubject         : <==      Total: 14
2024-03-28 19:59:57.457 DEBUG 5200 --- [XNIO-1 task-7] r.c.E.repository.QuestionMapper.page     : <==      Total: 4
2024-03-28 19:59:57.459 DEBUG 5200 --- [XNIO-1 task-7] r.c.E.r.T.selectByPrimaryKey             : ==>  Preparing: select id, content, create_time from t_text_content where id = ? 
2024-03-28 19:59:57.459 DEBUG 5200 --- [XNIO-1 task-7] r.c.E.r.T.selectByPrimaryKey             : ==> Parameters: 6(Integer)
2024-03-28 19:59:57.485 DEBUG 5200 --- [XNIO-1 task-7] r.c.E.r.T.selectByPrimaryKey             : <==      Total: 1
2024-03-28 19:59:57.501 DEBUG 5200 --- [XNIO-1 task-7] r.c.E.r.T.selectByPrimaryKey             : ==>  Preparing: select id, content, create_time from t_text_content where id = ? 
2024-03-28 19:59:57.501 DEBUG 5200 --- [XNIO-1 task-7] r.c.E.r.T.selectByPrimaryKey             : ==> Parameters: 5(Integer)
2024-03-28 19:59:57.529 DEBUG 5200 --- [XNIO-1 task-7] r.c.E.r.T.selectByPrimaryKey             : <==      Total: 1
2024-03-28 19:59:57.531 DEBUG 5200 --- [XNIO-1 task-7] r.c.E.r.T.selectByPrimaryKey             : ==>  Preparing: select id, content, create_time from t_text_content where id = ? 
2024-03-28 19:59:57.531 DEBUG 5200 --- [XNIO-1 task-7] r.c.E.r.T.selectByPrimaryKey             : ==> Parameters: 2(Integer)
2024-03-28 19:59:57.557 DEBUG 5200 --- [XNIO-1 task-7] r.c.E.r.T.selectByPrimaryKey             : <==      Total: 1
2024-03-28 19:59:57.558 DEBUG 5200 --- [XNIO-1 task-7] r.c.E.r.T.selectByPrimaryKey             : ==>  Preparing: select id, content, create_time from t_text_content where id = ? 
2024-03-28 19:59:57.558 DEBUG 5200 --- [XNIO-1 task-7] r.c.E.r.T.selectByPrimaryKey             : ==> Parameters: 1(Integer)
2024-03-28 19:59:57.582 DEBUG 5200 --- [XNIO-1 task-7] r.c.E.r.T.selectByPrimaryKey             : <==      Total: 1
2024-03-28 23:13:42.286  INFO 5200 --- [Thread-7] com.zaxxer.hikari.HikariDataSource       : HikariPool-1 - Shutdown initiated...
2024-03-28 23:13:42.294  INFO 5200 --- [Thread-7] com.zaxxer.hikari.HikariDataSource       : HikariPool-1 - Shutdown completed.
2024-03-28 23:13:42.300  INFO 5200 --- [Thread-7] io.undertow.servlet                      : Destroying Spring FrameworkServlet 'dispatcherServlet'
